<?xml version="1.0" encoding="UTF-8"?>
<!-- Generated by org.testng.reporters.JUnitReportReporter -->
<testsuite hostname="G736LTRV" failures="0" tests="10" name="com.automation.testng.AmountFieldTest" time="0.011" errors="0" timestamp="2024-07-13T12:55:19 IST" skipped="0">
  <testcase classname="com.automation.testng.AmountFieldTest" name="test1" time="0.006"/>
  <testcase classname="com.automation.testng.AmountFieldTest" name="test2" time="0.000"/>
  <testcase classname="com.automation.testng.AmountFieldTest" name="test2" time="0.001"/>
  <testcase classname="com.automation.testng.AmountFieldTest" name="test1" time="0.001"/>
  <testcase classname="com.automation.testng.AmountFieldTest" name="test2" time="0.000"/>
  <testcase classname="com.automation.testng.AmountFieldTest" name="test2" time="0.000"/>
  <testcase classname="com.automation.testng.AmountFieldTest" name="test1" time="0.001"/>
  <testcase classname="com.automation.testng.AmountFieldTest" name="test1" time="0.000"/>
  <testcase classname="com.automation.testng.AmountFieldTest" name="test2" time="0.001"/>
  <testcase classname="com.automation.testng.AmountFieldTest" name="test2" time="0.001"/>
</testsuite> <!-- com.automation.testng.AmountFieldTest -->
